2025-09-19T15:14:38+00:00 DEBUG #6212 - [New Request] POST /iftheshoefitz/index.php/wp-json/wc-admin/plugins/install
2025-09-19T15:14:38+00:00 DEBUG #6212 - GET https://api.woocommerce.com/integrations/ppc/v1/notifications/webhooks
Response: Array
(
    [code] => 404
    [message] => Not Found
)

Response Body: {"statusCode":404,"error":"Not Found","message":"Not Found"}

2025-09-19T15:14:38+00:00 ERROR #6212 - Failed to delete webhooks: [Erreur] Not Found
2025-09-19T15:14:38+00:00 INFO #6212 - Webhooks deleted.
2025-09-19T15:14:38+00:00 DEBUG #6212 - POST https://api.woocommerce.com/integrations/ppc/v1/notifications/webhooks
Request Body: {"url":"https:\/\/localhost\/iftheshoefitz\/index.php\/wp-json\/paypal\/v1\/incoming","event_types":[{"name":"CHECKOUT.ORDER.APPROVED"},{"name":"CHECKOUT.ORDER.COMPLETED"},{"name":"CHECKOUT.PAYMENT-APPROVAL.REVERSED"},{"name":"PAYMENT.CAPTURE.REFUNDED"},{"name":"PAYMENT.AUTHORIZATION.VOIDED"},{"name":"PAYMENT.CAPTURE.REVERSED"},{"name":"PAYMENT.ORDER.CANCELLED"},{"name":"PAYMENT.CAPTURE.DENIED"},{"name":"PAYMENT.CAPTURE.COMPLETED"},{"name":"VAULT.PAYMENT-TOKEN.CREATED"},{"name":"VAULT.PAYMENT-TOKEN.DELETED"},{"name":"PAYMENT.CAPTURE.PENDING"},{"name":"PAYMENT.SALE.COMPLETED"},{"name":"PAYMENT.SALE.REFUNDED"},{"name":"BILLING.SUBSCRIPTION.CANCELLED"},{"name":"BILLING.PLAN.PRICING-CHANGE.ACTIVATED"},{"name":"CATALOG.PRODUCT.UPDATED"},{"name":"BILLING.PLAN.UPDATED"}]}
Response: Array
(
    [code] => 404
    [message] => Not Found
)

Response Body: {"statusCode":404,"error":"Not Found","message":"Not Found"}

2025-09-19T15:14:38+00:00 ERROR #6212 - Failed to subscribe webhooks: [Erreur] Not Found
2025-09-19T22:15:04+00:00 DEBUG #1142 - [New Request] POST /iftheshoefitz/wp-json/wc-admin/plugins/install
2025-09-19T22:15:04+00:00 DEBUG #1142 - GET https://api.woocommerce.com/integrations/ppc/v1/notifications/webhooks
Response: Array
(
    [code] => 404
    [message] => Not Found
)

Response Body: {"statusCode":404,"error":"Not Found","message":"Not Found"}

2025-09-19T22:15:04+00:00 ERROR #1142 - Failed to delete webhooks: [Erreur] Not Found
2025-09-19T22:15:04+00:00 INFO #1142 - Webhooks deleted.
2025-09-19T22:15:05+00:00 DEBUG #1142 - POST https://api.woocommerce.com/integrations/ppc/v1/notifications/webhooks
Request Body: {"url":"https:\/\/localhost\/iftheshoefitz\/wp-json\/paypal\/v1\/incoming","event_types":[{"name":"CHECKOUT.ORDER.APPROVED"},{"name":"CHECKOUT.ORDER.COMPLETED"},{"name":"CHECKOUT.PAYMENT-APPROVAL.REVERSED"},{"name":"PAYMENT.CAPTURE.REFUNDED"},{"name":"PAYMENT.AUTHORIZATION.VOIDED"},{"name":"PAYMENT.CAPTURE.REVERSED"},{"name":"PAYMENT.ORDER.CANCELLED"},{"name":"PAYMENT.CAPTURE.DENIED"},{"name":"PAYMENT.CAPTURE.COMPLETED"},{"name":"VAULT.PAYMENT-TOKEN.CREATED"},{"name":"VAULT.PAYMENT-TOKEN.DELETED"},{"name":"PAYMENT.CAPTURE.PENDING"},{"name":"PAYMENT.SALE.COMPLETED"},{"name":"PAYMENT.SALE.REFUNDED"},{"name":"BILLING.SUBSCRIPTION.CANCELLED"},{"name":"BILLING.PLAN.PRICING-CHANGE.ACTIVATED"},{"name":"CATALOG.PRODUCT.UPDATED"},{"name":"BILLING.PLAN.UPDATED"}]}
Response: Array
(
    [code] => 404
    [message] => Not Found
)

Response Body: {"statusCode":404,"error":"Not Found","message":"Not Found"}

2025-09-19T22:15:05+00:00 ERROR #1142 - Failed to subscribe webhooks: [Erreur] Not Found
